info: Dec-23-2022 16:51:07: 	Server started on port 3000
info: Dec-23-2022 16:51:11: 	[object Object]
info: Dec-23-2022 16:51:16: 	[object Object],[object Object]
info: Dec-26-2022 09:32:28: 	Server started on port 3000
error: Dec-26-2022 09:44:27: 	undefined
error: Dec-26-2022 09:47:11: 	undefined
error: Dec-26-2022 09:50:25: 	undefined
error: Dec-26-2022 09:53:34: 	undefined
error: Dec-26-2022 09:58:23: 	undefined
error: Dec-26-2022 09:58:31: 	undefined
error: Dec-26-2022 09:59:42: 	undefined
error: Dec-26-2022 09:59:48: 	undefined
error: Dec-26-2022 09:59:57: 	undefined
error: Dec-26-2022 10:03:00: 	undefined
error: Dec-26-2022 10:03:09: 	undefined
error: Dec-26-2022 10:10:21: 	undefined
error: Dec-26-2022 10:10:30: 	undefined
error: Dec-26-2022 10:11:33: 	undefined
error: Dec-26-2022 10:11:40: 	undefined
error: Dec-26-2022 10:11:47: 	undefined
error: Dec-26-2022 10:15:03: 	undefined
error: Dec-26-2022 10:15:10: 	undefined
error: Dec-26-2022 10:15:16: 	undefined
error: Dec-26-2022 10:15:31: 	undefined
error: Dec-26-2022 10:15:40: 	undefined
error: Dec-26-2022 10:20:48: 	undefined
error: Dec-26-2022 10:24:56: 	undefined
error: Dec-26-2022 10:25:06: 	undefined
error: Dec-26-2022 10:25:14: 	undefined
error: Dec-26-2022 10:25:19: 	undefined
error: Dec-26-2022 10:28:09: 	undefined
error: Dec-26-2022 10:28:13: 	undefined
error: Dec-26-2022 10:28:20: 	undefined
error: Dec-26-2022 10:28:58: 	undefined
error: Dec-26-2022 10:32:57: 	undefined
error: Dec-26-2022 10:33:04: 	undefined
error: Dec-26-2022 10:33:14: 	undefined
error: Dec-26-2022 10:33:24: 	undefined
error: Dec-26-2022 10:35:57: 	undefined
error: Dec-26-2022 10:36:15: 	undefined
error: Dec-26-2022 10:36:28: 	undefined
error: Dec-26-2022 10:36:36: 	undefined
error: Dec-26-2022 10:44:06: 	undefined
error: Dec-26-2022 10:44:15: 	undefined
error: Dec-26-2022 10:44:20: 	undefined
error: Dec-26-2022 10:44:28: 	undefined
error: Dec-26-2022 10:44:34: 	undefined
error: Dec-26-2022 10:45:04: 	undefined
error: Dec-26-2022 10:45:12: 	undefined
error: Dec-26-2022 10:45:17: 	undefined
error: Dec-26-2022 10:45:26: 	undefined
info: Dec-26-2022 11:01:05: 	Server started on port 3000
info: Dec-26-2022 16:43:31: 	Server started on port 3000
info: Dec-27-2022 17:32:21: 	Server started on port 3000
info: Dec-27-2022 17:34:59: 	Server started on port 5000
info: Dec-27-2022 17:37:39: 	Server started on port 5000
info: Dec-27-2022 17:41:02: 	Server started on port 5000
info: Dec-28-2022 09:04:45: 	Server started on port 3000
info: Dec-28-2022 09:06:40: 	Server started on port 3000
info: Dec-28-2022 09:07:36: 	Server started on port 3000
info: Dec-28-2022 09:07:37: 	Welcome to server chat
info: Dec-28-2022 09:07:40: 	Welcome to server chat
info: Dec-28-2022 09:07:40: 	Welcome to server chat
info: Dec-28-2022 09:07:45: 	Welcome to server chat
info: Dec-28-2022 09:07:57: 	Welcome to server chat
info: Dec-28-2022 09:07:57: 	Welcome to server chat
info: Dec-28-2022 09:08:02: 	Welcome to server chat
info: Dec-28-2022 09:08:02: 	Welcome to server chat
info: Dec-28-2022 09:09:09: 	Welcome to server chat
info: Dec-28-2022 09:09:09: 	Welcome to server chat
info: Dec-28-2022 09:09:12: 	Welcome to server chat
info: Dec-28-2022 09:09:12: 	Welcome to server chat
info: Dec-28-2022 09:09:17: 	Welcome to server chat
info: Dec-28-2022 09:09:17: 	Welcome to server chat
info: Dec-28-2022 09:16:51: 	Server started on port 3000
info: Dec-28-2022 09:16:51: 	Welcome to server chat
info: Dec-28-2022 09:16:51: 	Welcome to server chat
info: Dec-28-2022 09:16:51: 	Welcome to server chat
info: Dec-28-2022 09:16:52: 	Welcome to server chat
info: Dec-28-2022 09:20:19: 	Server started on port 3000
info: Dec-28-2022 09:20:20: 	Welcome to server chat
info: Dec-28-2022 09:20:20: 	Welcome to server chat
info: Dec-28-2022 09:20:21: 	Welcome to server chat
info: Dec-28-2022 09:20:21: 	Welcome to server chat
info: Dec-28-2022 09:23:06: 	Welcome to server chat
info: Dec-28-2022 09:23:06: 	Welcome to server chat
info: Dec-28-2022 09:23:12: 	Welcome to server chat
info: Dec-28-2022 09:23:12: 	Welcome to server chat
info: Dec-28-2022 09:23:22: 	Welcome to server chat
info: Dec-28-2022 09:23:22: 	Welcome to server chat
info: Dec-28-2022 09:39:25: 	Server started on port 3000
info: Dec-28-2022 09:43:01: 	Server started on port 3000
info: Dec-28-2022 09:44:31: 	socket.io: Connection established successfully: 
info: Dec-28-2022 09:44:31: 	socket.io: Connection established successfully: 
info: Dec-28-2022 10:39:01: 	Server started on port 3000
info: Dec-28-2022 10:43:52: 	Welcome to server chat
info: Dec-28-2022 10:43:52: 	Welcome to server chat
info: Dec-28-2022 10:44:15: 	Welcome to server chat
info: Dec-28-2022 10:44:15: 	Welcome to server chat
info: Dec-28-2022 10:47:03: 	Welcome to server chat
info: Dec-28-2022 10:47:04: 	Welcome to server chat
info: Dec-28-2022 10:49:22: 	Server started on port 3000
info: Dec-28-2022 10:49:22: 	Welcome to server chat
info: Dec-28-2022 10:49:24: 	Welcome to server chat
info: Dec-28-2022 10:49:38: 	Welcome to server chat
info: Dec-28-2022 10:49:38: 	Welcome to server chat
info: Dec-28-2022 10:49:43: 	Welcome to server chat
info: Dec-28-2022 10:49:43: 	Welcome to server chat
info: Dec-28-2022 10:50:18: 	Welcome to server chat
info: Dec-28-2022 10:50:19: 	Welcome to server chat
info: Dec-28-2022 10:50:42: 	Welcome to server chat
info: Dec-28-2022 10:52:29: 	Server started on port 3000
info: Dec-28-2022 10:59:53: 	Server started on port 3000
info: Dec-28-2022 11:07:23: 	Server started on port 3000
info: Dec-28-2022 11:08:25: 	Welcome to server chat
info: Dec-28-2022 11:08:26: 	Welcome to server chat
info: Dec-28-2022 11:08:31: 	Welcome to server chat
info: Dec-28-2022 11:08:32: 	Welcome to server chat
info: Dec-28-2022 11:15:07: 	Server started on port 3000
info: Dec-28-2022 11:16:25: 	Server started on port 3000
info: Dec-28-2022 11:20:35: 	Server started on port 3000
info: Dec-28-2022 11:23:23: 	Server started on port 3000
info: Dec-28-2022 11:26:13: 	Server started on port 3000
info: Dec-28-2022 11:26:13: 	Welcome to server chat
info: Dec-28-2022 11:26:13: 	Welcome to server chat
info: Dec-28-2022 11:26:17: 	Welcome to server chat
info: Dec-28-2022 11:26:17: 	Welcome to server chat
info: Dec-28-2022 11:29:55: 	Welcome to server chat
info: Dec-28-2022 11:29:55: 	Welcome to server chat
info: Dec-28-2022 11:30:21: 	Welcome to server chat
info: Dec-28-2022 11:31:40: 	Welcome to server chat
info: Dec-28-2022 11:31:40: 	Welcome to server chat
info: Dec-28-2022 11:32:28: 	Welcome to server chat
info: Dec-28-2022 11:32:28: 	Welcome to server chat
info: Dec-28-2022 11:32:33: 	Welcome to server chat
info: Dec-28-2022 11:32:33: 	Welcome to server chat
info: Dec-28-2022 11:32:48: 	Welcome to server chat
info: Dec-28-2022 11:32:48: 	Welcome to server chat
info: Dec-28-2022 11:32:59: 	Welcome to server chat
info: Dec-28-2022 11:32:59: 	Welcome to server chat
